# JRE version: Java(TM) SE Runtime Environment (7.0_65-b17) (build 1.7.0_65-b17)
# Java VM: Java HotSpot(TM) Client VM (24.65-b04 mixed mode linux-x86 )
Heap
 def new generation   total 87360K, used 11423K [0x74600000, 0x7a4c0000, 0x84600000)
  eden space 77696K,   4% used [0x74600000, 0x749a98c8, 0x791e0000)
  from space 9664K,  79% used [0x791e0000, 0x7995e510, 0x79b50000)
  to   space 9664K,   0% used [0x79b50000, 0x79b50000, 0x7a4c0000)
 tenured generation   total 193828K, used 158500K [0x84600000, 0x90349000, 0xa4600000)
   the space 193828K,  81% used [0x84600000, 0x8e0c90c0, 0x8e0c9200, 0x90349000)
 compacting perm gen  total 62464K, used 62370K [0xa4600000, 0xa8300000, 0xb4600000)
   the space 62464K,  99% used [0xa4600000, 0xa82e88a0, 0xa82e8a00, 0xa8300000)
GC Heap History (10 events):
Event: 29.006 GC heap before
{Heap before GC invocations=73 (full 13):
 def new generation   total 87360K, used 84714K [0x74600000, 0x7a4c0000, 0x84600000)
  eden space 77696K, 100% used [0x74600000, 0x791e0000, 0x791e0000)
  from space 9664K,  72% used [0x79b50000, 0x7a22a9c0, 0x7a4c0000)
  to   space 9664K,   0% used [0x791e0000, 0x791e0000, 0x79b50000)
 tenured generation   total 193828K, used 130853K [0x84600000, 0x90349000, 0xa4600000)
   the space 193828K,  67% used [0x84600000, 0x8c5c9498, 0x8c5c9600, 0x90349000)
 compacting perm gen  total 61696K, used 61636K [0xa4600000, 0xa8240000, 0xb4600000)
   the space 61696K,  99% used [0xa4600000, 0xa82312e8, 0xa8231400, 0xa8240000)
No shared spaces configured.
Event: 29.096 GC heap after
Heap after GC invocations=74 (full 13):
 def new generation   total 87360K, used 5070K [0x74600000, 0x7a4c0000, 0x84600000)
  eden space 77696K,   0% used [0x74600000, 0x74600000, 0x791e0000)
  from space 9664K,  52% used [0x791e0000, 0x796d3af0, 0x79b50000)
  to   space 9664K,   0% used [0x79b50000, 0x79b50000, 0x7a4c0000)
 tenured generation   total 193828K, used 137583K [0x84600000, 0x90349000, 0xa4600000)
   the space 193828K,  70% used [0x84600000, 0x8cc5bf78, 0x8cc5c000, 0x90349000)
 compacting perm gen  total 61696K, used 61636K [0xa4600000, 0xa8240000, 0xb4600000)
   the space 61696K,  99% used [0xa4600000, 0xa82312e8, 0xa8231400, 0xa8240000)
No shared spaces configured.
}
Event: 30.384 GC heap before
{Heap before GC invocations=74 (full 13):
 def new generation   total 87360K, used 82766K [0x74600000, 0x7a4c0000, 0x84600000)
  eden space 77696K, 100% used [0x74600000, 0x791e0000, 0x791e0000)
  from space 9664K,  52% used [0x791e0000, 0x796d3af0, 0x79b50000)
  to   space 9664K,   0% used [0x79b50000, 0x79b50000, 0x7a4c0000)
 tenured generation   total 193828K, used 137583K [0x84600000, 0x90349000, 0xa4600000)
   the space 193828K,  70% used [0x84600000, 0x8cc5bf78, 0x8cc5c000, 0x90349000)
 compacting perm gen  total 61952K, used 61727K [0xa4600000, 0xa8280000, 0xb4600000)
   the space 61952K,  99% used [0xa4600000, 0xa8247c58, 0xa8247e00, 0xa8280000)
No shared spaces configured.
Event: 30.470 GC heap after
Heap after GC invocations=75 (full 13):
 def new generation   total 87360K, used 5700K [0x74600000, 0x7a4c0000, 0x84600000)
  eden space 77696K,   0% used [0x74600000, 0x74600000, 0x791e0000)
  from space 9664K,  58% used [0x79b50000, 0x7a0e10d0, 0x7a4c0000)
  to   space 9664K,   0% used [0x791e0000, 0x791e0000, 0x79b50000)
 tenured generation   total 193828K, used 142652K [0x84600000, 0x90349000, 0xa4600000)
   the space 193828K,  73% used [0x84600000, 0x8d14f370, 0x8d14f400, 0x90349000)
 compacting perm gen  total 61952K, used 61727K [0xa4600000, 0xa8280000, 0xb4600000)
   the space 61952K,  99% used [0xa4600000, 0xa8247c58, 0xa8247e00, 0xa8280000)
No shared spaces configured.
}
Event: 31.507 GC heap before
{Heap before GC invocations=75 (full 13):
 def new generation   total 87360K, used 83396K [0x74600000, 0x7a4c0000, 0x84600000)
  eden space 77696K, 100% used [0x74600000, 0x791e0000, 0x791e0000)
  from space 9664K,  58% used [0x79b50000, 0x7a0e10d0, 0x7a4c0000)
  to   space 9664K,   0% used [0x791e0000, 0x791e0000, 0x79b50000)
 tenured generation   total 193828K, used 142652K [0x84600000, 0x90349000, 0xa4600000)
   the space 193828K,  73% used [0x84600000, 0x8d14f370, 0x8d14f400, 0x90349000)
 compacting perm gen  total 61952K, used 61732K [0xa4600000, 0xa8280000, 0xb4600000)
   the space 61952K,  99% used [0xa4600000, 0xa8249210, 0xa8249400, 0xa8280000)
No shared spaces configured.
Event: 31.589 GC heap after
Heap after GC invocations=76 (full 13):
 def new generation   total 87360K, used 5251K [0x74600000, 0x7a4c0000, 0x84600000)
  eden space 77696K,   0% used [0x74600000, 0x74600000, 0x791e0000)
  from space 9664K,  54% used [0x791e0000, 0x79700ff8, 0x79b50000)
  to   space 9664K,   0% used [0x79b50000, 0x79b50000, 0x7a4c0000)
 tenured generation   total 193828K, used 148222K [0x84600000, 0x90349000, 0xa4600000)
   the space 193828K,  76% used [0x84600000, 0x8d6bf988, 0x8d6bfa00, 0x90349000)
 compacting perm gen  total 61952K, used 61732K [0xa4600000, 0xa8280000, 0xb4600000)
   the space 61952K,  99% used [0xa4600000, 0xa8249210, 0xa8249400, 0xa8280000)
No shared spaces configured.
}
Event: 32.502 GC heap before
{Heap before GC invocations=76 (full 13):
 def new generation   total 87360K, used 82947K [0x74600000, 0x7a4c0000, 0x84600000)
  eden space 77696K, 100% used [0x74600000, 0x791e0000, 0x791e0000)
  from space 9664K,  54% used [0x791e0000, 0x79700ff8, 0x79b50000)
  to   space 9664K,   0% used [0x79b50000, 0x79b50000, 0x7a4c0000)
 tenured generation   total 193828K, used 148222K [0x84600000, 0x90349000, 0xa4600000)
   the space 193828K,  76% used [0x84600000, 0x8d6bf988, 0x8d6bfa00, 0x90349000)
 compacting perm gen  total 61952K, used 61764K [0xa4600000, 0xa8280000, 0xb4600000)
   the space 61952K,  99% used [0xa4600000, 0xa82513f8, 0xa8251400, 0xa8280000)
No shared spaces configured.
Event: 32.552 GC heap after
Heap after GC invocations=77 (full 13):
 def new generation   total 87360K, used 5075K [0x74600000, 0x7a4c0000, 0x84600000)
  eden space 77696K,   0% used [0x74600000, 0x74600000, 0x791e0000)
  from space 9664K,  52% used [0x79b50000, 0x7a044dd0, 0x7a4c0000)
  to   space 9664K,   0% used [0x791e0000, 0x791e0000, 0x79b50000)
 tenured generation   total 193828K, used 153466K [0x84600000, 0x90349000, 0xa4600000)
   the space 193828K,  79% used [0x84600000, 0x8dbdebf0, 0x8dbdec00, 0x90349000)
 compacting perm gen  total 61952K, used 61764K [0xa4600000, 0xa8280000, 0xb4600000)
   the space 61952K,  99% used [0xa4600000, 0xa82513f8, 0xa8251400, 0xa8280000)
No shared spaces configured.
}
Event: 41.749 GC heap before
{Heap before GC invocations=77 (full 13):
 def new generation   total 87360K, used 82771K [0x74600000, 0x7a4c0000, 0x84600000)
  eden space 77696K, 100% used [0x74600000, 0x791e0000, 0x791e0000)
  from space 9664K,  52% used [0x79b50000, 0x7a044dd0, 0x7a4c0000)
  to   space 9664K,   0% used [0x791e0000, 0x791e0000, 0x79b50000)
 tenured generation   total 193828K, used 153466K [0x84600000, 0x90349000, 0xa4600000)
   the space 193828K,  79% used [0x84600000, 0x8dbdebf0, 0x8dbdec00, 0x90349000)
 compacting perm gen  total 61952K, used 61910K [0xa4600000, 0xa8280000, 0xb4600000)
   the space 61952K,  99% used [0xa4600000, 0xa8275af8, 0xa8275c00, 0xa8280000)
No shared spaces configured.
Event: 41.800 GC heap after
Heap after GC invocations=78 (full 13):
 def new generation   total 87360K, used 7673K [0x74600000, 0x7a4c0000, 0x84600000)
  eden space 77696K,   0% used [0x74600000, 0x74600000, 0x791e0000)
  from space 9664K,  79% used [0x791e0000, 0x7995e510, 0x79b50000)
  to   space 9664K,   0% used [0x79b50000, 0x79b50000, 0x7a4c0000)
 tenured generation   total 193828K, used 158500K [0x84600000, 0x90349000, 0xa4600000)
   the space 193828K,  81% used [0x84600000, 0x8e0c90c0, 0x8e0c9200, 0x90349000)
 compacting perm gen  total 61952K, used 61910K [0xa4600000, 0xa8280000, 0xb4600000)
   the space 61952K,  99% used [0xa4600000, 0xa8275af8, 0xa8275c00, 0xa8280000)
No shared spaces configured.
}

